<?xml version="1.0" encoding="UTF-8"?>
<testng-results ignored="0" total="2" passed="2" failed="0" skipped="0">
  <reporter-output>
  </reporter-output>
  <suite started-at="2022-12-12T12:30:56 IST" name="Suite" finished-at="2022-12-12T12:32:31 IST" duration-ms="94390">
    <groups>
    </groups>
    <test started-at="2022-12-12T12:30:56 IST" name="Test" finished-at="2022-12-12T12:32:31 IST" duration-ms="94390">
      <class name="TestCase.VerifyLoginTestCase">
        <test-method is-config="true" signature="LaunchBrowser()[pri:0, instance:TestCase.VerifyLoginTestCase@59fd97a8]" started-at="2022-12-12T12:30:56 IST" name="LaunchBrowser" finished-at="2022-12-12T12:31:50 IST" duration-ms="54095" status="PASS">
          <reporter-output>
          </reporter-output>
        </test-method> <!-- LaunchBrowser -->
        <test-method signature="Login()[pri:0, instance:TestCase.VerifyLoginTestCase@59fd97a8]" started-at="2022-12-12T12:31:50 IST" name="Login" finished-at="2022-12-12T12:31:54 IST" duration-ms="3926" status="PASS">
          <reporter-output>
          </reporter-output>
        </test-method> <!-- Login -->
        <test-method is-config="true" signature="TearDown()[pri:0, instance:TestCase.VerifyLoginTestCase@59fd97a8]" started-at="2022-12-12T12:31:54 IST" name="TearDown" finished-at="2022-12-12T12:31:55 IST" duration-ms="872" status="PASS">
          <reporter-output>
          </reporter-output>
        </test-method> <!-- TearDown -->
      </class> <!-- TestCase.VerifyLoginTestCase -->
      <class name="TestCase.VerifySignUPTestCase">
        <test-method is-config="true" signature="LaunchBrowser()[pri:0, instance:TestCase.VerifySignUPTestCase@4a94ee4]" started-at="2022-12-12T12:31:55 IST" name="LaunchBrowser" finished-at="2022-12-12T12:32:10 IST" duration-ms="15128" status="PASS">
          <reporter-output>
          </reporter-output>
        </test-method> <!-- LaunchBrowser -->
        <test-method signature="SignUp()[pri:0, instance:TestCase.VerifySignUPTestCase@4a94ee4]" started-at="2022-12-12T12:32:10 IST" name="SignUp" finished-at="2022-12-12T12:32:30 IST" duration-ms="19694" status="PASS">
          <reporter-output>
          </reporter-output>
        </test-method> <!-- SignUp -->
        <test-method is-config="true" signature="TearDown()[pri:0, instance:TestCase.VerifySignUPTestCase@4a94ee4]" started-at="2022-12-12T12:32:30 IST" name="TearDown" finished-at="2022-12-12T12:32:31 IST" duration-ms="555" status="PASS">
          <reporter-output>
          </reporter-output>
        </test-method> <!-- TearDown -->
      </class> <!-- TestCase.VerifySignUPTestCase -->
    </test> <!-- Test -->
  </suite> <!-- Suite -->
</testng-results>
